#! /usr/bin/vvp
:ivl_version "10.3 (stable)";
:ivl_delay_selection "TYPICAL";
:vpi_time_precision + 0;
:vpi_module "system";
:vpi_module "vhdl_sys";
:vpi_module "v2005_math";
:vpi_module "va_math";
S_0x55e8a2e3ca40 .scope module, "Sort3ip" "Sort3ip" 2 3;
 .timescale 0 0;
    .port_info 0 /INPUT 5 "A"
    .port_info 1 /INPUT 5 "B"
    .port_info 2 /INPUT 5 "C"
    .port_info 3 /OUTPUT 5 "G"
    .port_info 4 /OUTPUT 5 "M"
    .port_info 5 /OUTPUT 5 "L"
L_0x55e8a2e523e0 .functor BUFZ 5, v0x55e8a2e508b0_0, C4<00000>, C4<00000>, C4<00000>;
L_0x55e8a2e524a0 .functor BUFZ 5, v0x55e8a2e51640_0, C4<00000>, C4<00000>, C4<00000>;
L_0x55e8a2e525b0 .functor BUFZ 5, v0x55e8a2e51710_0, C4<00000>, C4<00000>, C4<00000>;
o0x7f05bf2cf018 .functor BUFZ 5, C4<zzzzz>; HiZ drive
v0x55e8a2e518a0_0 .net "A", 4 0, o0x7f05bf2cf018;  0 drivers
o0x7f05bf2cf048 .functor BUFZ 5, C4<zzzzz>; HiZ drive
v0x55e8a2e51980_0 .net "B", 4 0, o0x7f05bf2cf048;  0 drivers
o0x7f05bf2cf198 .functor BUFZ 5, C4<zzzzz>; HiZ drive
v0x55e8a2e51a50_0 .net "C", 4 0, o0x7f05bf2cf198;  0 drivers
v0x55e8a2e51b70_0 .net "G", 4 0, L_0x55e8a2e523e0;  1 drivers
v0x55e8a2e51c30_0 .net "G1", 4 0, v0x55e8a2e508b0_0;  1 drivers
v0x55e8a2e51d90_0 .net "G2", 4 0, v0x55e8a2e50f50_0;  1 drivers
v0x55e8a2e51e50_0 .net "G3", 4 0, v0x55e8a2e51640_0;  1 drivers
v0x55e8a2e51ef0_0 .net "L", 4 0, L_0x55e8a2e525b0;  1 drivers
v0x55e8a2e51fb0_0 .net "L1", 4 0, v0x55e8a2e50970_0;  1 drivers
v0x55e8a2e52100_0 .net "L2", 4 0, v0x55e8a2e51040_0;  1 drivers
v0x55e8a2e521c0_0 .net "L3", 4 0, v0x55e8a2e51710_0;  1 drivers
v0x55e8a2e52260_0 .net "M", 4 0, L_0x55e8a2e524a0;  1 drivers
S_0x55e8a2e05030 .scope module, "s1" "Sort_2ip" 2 7, 3 1 0, S_0x55e8a2e3ca40;
 .timescale 0 0;
    .port_info 0 /INPUT 5 "A"
    .port_info 1 /INPUT 5 "B"
    .port_info 2 /OUTPUT 5 "G"
    .port_info 3 /OUTPUT 5 "L"
v0x55e8a2e05270_0 .net "A", 4 0, o0x7f05bf2cf018;  alias, 0 drivers
v0x55e8a2e507d0_0 .net "B", 4 0, o0x7f05bf2cf048;  alias, 0 drivers
v0x55e8a2e508b0_0 .var "G", 4 0;
v0x55e8a2e50970_0 .var "L", 4 0;
E_0x55e8a2e3b430 .event edge, v0x55e8a2e05270_0, v0x55e8a2e507d0_0;
S_0x55e8a2e50b00 .scope module, "s2" "Sort_2ip" 2 8, 3 1 0, S_0x55e8a2e3ca40;
 .timescale 0 0;
    .port_info 0 /INPUT 5 "A"
    .port_info 1 /INPUT 5 "B"
    .port_info 2 /OUTPUT 5 "G"
    .port_info 3 /OUTPUT 5 "L"
v0x55e8a2e50d80_0 .net "A", 4 0, v0x55e8a2e508b0_0;  alias, 1 drivers
v0x55e8a2e50e90_0 .net "B", 4 0, o0x7f05bf2cf198;  alias, 0 drivers
v0x55e8a2e50f50_0 .var "G", 4 0;
v0x55e8a2e51040_0 .var "L", 4 0;
E_0x55e8a2e3b690 .event edge, v0x55e8a2e508b0_0, v0x55e8a2e50e90_0;
S_0x55e8a2e511d0 .scope module, "s3" "Sort_2ip" 2 9, 3 1 0, S_0x55e8a2e3ca40;
 .timescale 0 0;
    .port_info 0 /INPUT 5 "A"
    .port_info 1 /INPUT 5 "B"
    .port_info 2 /OUTPUT 5 "G"
    .port_info 3 /OUTPUT 5 "L"
v0x55e8a2e51460_0 .net "A", 4 0, v0x55e8a2e50970_0;  alias, 1 drivers
v0x55e8a2e51570_0 .net "B", 4 0, o0x7f05bf2cf198;  alias, 0 drivers
v0x55e8a2e51640_0 .var "G", 4 0;
v0x55e8a2e51710_0 .var "L", 4 0;
E_0x55e8a2e3ab70 .event edge, v0x55e8a2e50970_0, v0x55e8a2e50e90_0;
    .scope S_0x55e8a2e05030;
T_0 ;
    %wait E_0x55e8a2e3b430;
    %load/vec4 v0x55e8a2e507d0_0;
    %load/vec4 v0x55e8a2e05270_0;
    %cmp/u;
    %jmp/0xz  T_0.0, 5;
    %load/vec4 v0x55e8a2e05270_0;
    %assign/vec4 v0x55e8a2e508b0_0, 0;
    %load/vec4 v0x55e8a2e507d0_0;
    %assign/vec4 v0x55e8a2e50970_0, 0;
    %jmp T_0.1;
T_0.0 ;
    %load/vec4 v0x55e8a2e507d0_0;
    %assign/vec4 v0x55e8a2e508b0_0, 0;
    %load/vec4 v0x55e8a2e05270_0;
    %assign/vec4 v0x55e8a2e50970_0, 0;
T_0.1 ;
    %jmp T_0;
    .thread T_0, $push;
    .scope S_0x55e8a2e50b00;
T_1 ;
    %wait E_0x55e8a2e3b690;
    %load/vec4 v0x55e8a2e50e90_0;
    %load/vec4 v0x55e8a2e50d80_0;
    %cmp/u;
    %jmp/0xz  T_1.0, 5;
    %load/vec4 v0x55e8a2e50d80_0;
    %assign/vec4 v0x55e8a2e50f50_0, 0;
    %load/vec4 v0x55e8a2e50e90_0;
    %assign/vec4 v0x55e8a2e51040_0, 0;
    %jmp T_1.1;
T_1.0 ;
    %load/vec4 v0x55e8a2e50e90_0;
    %assign/vec4 v0x55e8a2e50f50_0, 0;
    %load/vec4 v0x55e8a2e50d80_0;
    %assign/vec4 v0x55e8a2e51040_0, 0;
T_1.1 ;
    %jmp T_1;
    .thread T_1, $push;
    .scope S_0x55e8a2e511d0;
T_2 ;
    %wait E_0x55e8a2e3ab70;
    %load/vec4 v0x55e8a2e51570_0;
    %load/vec4 v0x55e8a2e51460_0;
    %cmp/u;
    %jmp/0xz  T_2.0, 5;
    %load/vec4 v0x55e8a2e51460_0;
    %assign/vec4 v0x55e8a2e51640_0, 0;
    %load/vec4 v0x55e8a2e51570_0;
    %assign/vec4 v0x55e8a2e51710_0, 0;
    %jmp T_2.1;
T_2.0 ;
    %load/vec4 v0x55e8a2e51570_0;
    %assign/vec4 v0x55e8a2e51640_0, 0;
    %load/vec4 v0x55e8a2e51460_0;
    %assign/vec4 v0x55e8a2e51710_0, 0;
T_2.1 ;
    %jmp T_2;
    .thread T_2, $push;
# The file index is used to find the file name in the following table.
:file_names 4;
    "N/A";
    "<interactive>";
    "Sort3ip.v";
    "Sort_2ip.v";
